[09-Oct-2021 14:47:40] NOTICE: fpm is running, pid 80055
[09-Oct-2021 14:47:40] NOTICE: ready to handle connections
[23-Oct-2021 18:33:15] NOTICE: Terminating ...
[23-Oct-2021 18:33:15] NOTICE: Terminating ...
[23-Oct-2021 18:33:15] NOTICE: exiting, bye-bye!
[27-Oct-2021 11:46:07] NOTICE: fpm is running, pid 71850
[27-Oct-2021 11:46:07] NOTICE: ready to handle connections
[02-Nov-2021 16:44:42] NOTICE: Terminating ...
[02-Nov-2021 16:44:42] NOTICE: Terminating ...
[02-Nov-2021 16:44:42] NOTICE: exiting, bye-bye!
[08-Nov-2021 18:50:33] NOTICE: fpm is running, pid 3718
[08-Nov-2021 18:50:33] NOTICE: ready to handle connections
[16-Nov-2021 15:13:52] NOTICE: Terminating ...
[16-Nov-2021 15:13:52] NOTICE: Terminating ...
[16-Nov-2021 15:13:52] NOTICE: exiting, bye-bye!
[24-Nov-2021 15:12:23] NOTICE: fpm is running, pid 54751
[24-Nov-2021 15:12:23] NOTICE: ready to handle connections
[21-Dec-2021 10:38:01] NOTICE: Terminating ...
[21-Dec-2021 10:38:01] NOTICE: Terminating ...
[21-Dec-2021 10:38:01] NOTICE: exiting, bye-bye!
[10-Jan-2022 12:29:14] NOTICE: fpm is running, pid 29670
[10-Jan-2022 12:29:14] NOTICE: ready to handle connections
